<?xml version="1.0" encoding="UTF-8"?>
<testng-results ignored="0" total="1" passed="1" failed="0" skipped="0">
  <reporter-output>
  </reporter-output>
  <suite started-at="2024-09-23T18:00:31 IST" name="Suite" finished-at="2024-09-23T18:01:02 IST" duration-ms="31073">
    <groups>
    </groups>
    <test started-at="2024-09-23T18:00:31 IST" name="Test" finished-at="2024-09-23T18:01:02 IST" duration-ms="31073">
      <class name="com.build.TestModule">
        <test-method signature="m1()[pri:0, instance:com.build.TestModule@22ef9844]" started-at="2024-09-23T18:00:31 IST" name="m1" finished-at="2024-09-23T18:01:02 IST" duration-ms="31003" status="PASS">
          <reporter-output>
          </reporter-output>
        </test-method> <!-- m1 -->
      </class> <!-- com.build.TestModule -->
    </test> <!-- Test -->
  </suite> <!-- Suite -->
</testng-results>
