<?xml version="1.0" encoding="UTF-8"?>
<testng-results ignored="0" total="4" passed="4" failed="0" skipped="0">
  <reporter-output>
  </reporter-output>
  <suite started-at="2024-09-25T13:18:28 IST" name="Suite" finished-at="2024-09-25T13:21:18 IST" duration-ms="169738">
    <groups>
    </groups>
    <test started-at="2024-09-25T13:18:28 IST" name="Test" finished-at="2024-09-25T13:21:18 IST" duration-ms="169738">
      <class name="com.build.DemoModule">
        <test-method signature="m2()[pri:0, instance:com.build.DemoModule@6392827e]" started-at="2024-09-25T13:18:49 IST" name="m2" finished-at="2024-09-25T13:19:30 IST" duration-ms="40649" status="PASS">
          <reporter-output>
          </reporter-output>
        </test-method> <!-- m2 -->
      </class> <!-- com.build.DemoModule -->
      <class name="com.build.SampleModule">
        <test-method signature="m3()[pri:0, instance:com.build.SampleModule@2ed2d9cb]" started-at="2024-09-25T13:19:30 IST" name="m3" finished-at="2024-09-25T13:20:18 IST" duration-ms="47964" status="PASS">
          <reporter-output>
          </reporter-output>
        </test-method> <!-- m3 -->
      </class> <!-- com.build.SampleModule -->
      <class name="com.build.TestModule">
        <test-method signature="m1()[pri:0, instance:com.build.TestModule@48f278eb]" started-at="2024-09-25T13:18:28 IST" name="m1" finished-at="2024-09-25T13:18:49 IST" duration-ms="20746" status="PASS">
          <reporter-output>
          </reporter-output>
        </test-method> <!-- m1 -->
      </class> <!-- com.build.TestModule -->
      <class name="com.build.SuperModule">
        <test-method signature="m4()[pri:0, instance:com.build.SuperModule@d5b810e]" started-at="2024-09-25T13:20:18 IST" name="m4" finished-at="2024-09-25T13:21:18 IST" duration-ms="60154" status="PASS">
          <reporter-output>
          </reporter-output>
        </test-method> <!-- m4 -->
      </class> <!-- com.build.SuperModule -->
    </test> <!-- Test -->
  </suite> <!-- Suite -->
</testng-results>
