<?xml version="1.0" encoding="UTF-8"?>
<!-- Generated by org.testng.reporters.JUnitXMLReporter -->
<testsuite ignored="0" hostname="DESKTOP-OLGBC71" failures="0" tests="4" name="Test" time="181.364" errors="0" timestamp="2024-09-25T19:13:42 IST">
  <testcase classname="com.build.TestModule" name="m1" time="36.999"/>
  <testcase classname="com.build.DemoModule" name="m2" time="30.744"/>
  <testcase classname="com.build.SampleModule" name="m3" time="34.79"/>
  <testcase classname="com.build.SuperModule" name="m4" time="78.337"/>
</testsuite> <!-- Test -->
