<?xml version="1.0" encoding="UTF-8"?>
<!-- Generated by org.testng.reporters.JUnitXMLReporter -->
<testsuite ignored="0" hostname="DESKTOP-OLGBC71" failures="0" tests="4" name="Test" time="169.738" errors="0" timestamp="2024-09-25T13:21:18 IST">
  <testcase classname="com.build.TestModule" name="m1" time="20.746"/>
  <testcase classname="com.build.DemoModule" name="m2" time="40.649"/>
  <testcase classname="com.build.SampleModule" name="m3" time="47.964"/>
  <testcase classname="com.build.SuperModule" name="m4" time="60.154"/>
</testsuite> <!-- Test -->
