<?xml version="1.0" encoding="UTF-8"?>
<testng-results ignored="0" total="1" passed="1" failed="0" skipped="0">
  <reporter-output>
  </reporter-output>
  <suite started-at="2024-09-23T16:46:50 IST" name="Default suite" finished-at="2024-09-23T16:47:34 IST" duration-ms="43552">
    <groups>
    </groups>
    <test started-at="2024-09-23T16:46:50 IST" name="Default test" finished-at="2024-09-23T16:47:34 IST" duration-ms="43552">
      <class name="com.build.TestModule">
        <test-method signature="m1()[pri:0, instance:com.build.TestModule@5ba3f27a]" started-at="2024-09-23T16:46:50 IST" name="m1" finished-at="2024-09-23T16:47:33 IST" duration-ms="43068" status="PASS">
          <reporter-output>
          </reporter-output>
        </test-method> <!-- m1 -->
      </class> <!-- com.build.TestModule -->
    </test> <!-- Default test -->
  </suite> <!-- Default suite -->
</testng-results>
