<?xml version="1.0" encoding="UTF-8"?>
<testng-results ignored="0" total="3" passed="3" failed="0" skipped="0">
  <reporter-output>
  </reporter-output>
  <suite started-at="2024-09-24T08:02:14 IST" name="Suite" finished-at="2024-09-24T08:04:14 IST" duration-ms="120076">
    <groups>
    </groups>
    <test started-at="2024-09-24T08:02:14 IST" name="Test" finished-at="2024-09-24T08:04:14 IST" duration-ms="120076">
      <class name="com.build.DemoModule">
        <test-method signature="m2()[pri:0, instance:com.build.DemoModule@3a44431a]" started-at="2024-09-24T08:02:36 IST" name="m2" finished-at="2024-09-24T08:03:13 IST" duration-ms="37229" status="PASS">
          <reporter-output>
          </reporter-output>
        </test-method> <!-- m2 -->
      </class> <!-- com.build.DemoModule -->
      <class name="com.build.SampleModule">
        <test-method signature="m3()[pri:0, instance:com.build.SampleModule@3c7f66c4]" started-at="2024-09-24T08:03:13 IST" name="m3" finished-at="2024-09-24T08:04:14 IST" duration-ms="60291" status="PASS">
          <reporter-output>
          </reporter-output>
        </test-method> <!-- m3 -->
      </class> <!-- com.build.SampleModule -->
      <class name="com.build.TestModule">
        <test-method signature="m1()[pri:0, instance:com.build.TestModule@2c35e847]" started-at="2024-09-24T08:02:14 IST" name="m1" finished-at="2024-09-24T08:02:36 IST" duration-ms="22416" status="PASS">
          <reporter-output>
          </reporter-output>
        </test-method> <!-- m1 -->
      </class> <!-- com.build.TestModule -->
    </test> <!-- Test -->
  </suite> <!-- Suite -->
</testng-results>
